<html>
<body>
<pre>
<h1>Build Log</h1>
<h3>
--------------------Configuration: libxml2test - Win32 Debug--------------------
</h3>
<h3>Command Lines</h3>
Creating temporary file "C:\DOCUME~1\ADMINI~1\LOCALS~1\Temp\RSP30.tmp" with contents
[
kernel32.lib user32.lib gdi32.lib winspool.lib comdlg32.lib advapi32.lib shell32.lib ole32.lib oleaut32.lib uuid.lib odbc32.lib odbccp32.lib kernel32.lib user32.lib gdi32.lib winspool.lib comdlg32.lib advapi32.lib shell32.lib ole32.lib oleaut32.lib uuid.lib odbc32.lib odbccp32.lib iconv.lib libxml2.lib /nologo /subsystem:console /incremental:yes /pdb:"Debug/libxml2test.pdb" /debug /machine:I386 /out:"Debug/libxml2test.exe" /pdbtype:sept 
.\Debug\io2.obj
.\Debug\SocketRowTest.obj
]
Creating command line "link.exe @C:\DOCUME~1\ADMINI~1\LOCALS~1\Temp\RSP30.tmp"
<h3>Output Window</h3>
Linking...
SocketRowTest.obj : error LNK2005: _main already defined in io2.obj
Debug/libxml2test.exe : fatal error LNK1169: one or more multiply defined symbols found
Ö´ÐÐ link.exe Ê±³ö´í.



<h3>Results</h3>
libxml2test.exe - 1 error(s), 0 warning(s)
</pre>
</body>
</html>
